<?xml version="1.0" encoding="UTF-8"?>
<!-- Generated by org.testng.reporters.JUnitXMLReporter -->
<testsuite ignored="0" hostname="LAPTOP-A3G53V5J" failures="0" tests="7" name="ChromeTest" time="91.205" errors="0" timestamp="2025-04-26T22:23:00 EDT">
  <testcase classname="test.SignUpTest" name="signupTest" time="2.658"/>
  <testcase classname="test.LoginTest" name="testLogin" time="2.808"/>
  <testcase classname="test.HomeTest" name="testHome" time="6.768"/>
  <testcase classname="test.productTest" name="testProduct" time="12.021"/>
  <testcase classname="test.CartTest" name="testProduct" time="27.042"/>
  <testcase classname="test.PurchaseTest" name="testPurchase" time="17.939"/>
  <testcase classname="test.LogoutTest" name="testLogin" time="6.857"/>
</testsuite> <!-- ChromeTest -->
