<?xml version="1.0" encoding="UTF-8"?>
<!-- Generated by org.testng.reporters.JUnitXMLReporter -->
<testsuite ignored="0" hostname="LAPTOP-A3G53V5J" failures="0" tests="7" name="ChromeTest" time="91.82" errors="0" timestamp="2025-04-26T21:02:59 EDT">
  <testcase classname="test.SignUpTest" name="signupTest" time="2.677"/>
  <testcase classname="test.LoginTest" name="testLogin" time="2.666"/>
  <testcase classname="test.HomeTest" name="testHome" time="6.746"/>
  <testcase classname="test.productTest" name="testProduct" time="11.667"/>
  <testcase classname="test.CartTest" name="testProduct" time="27.189"/>
  <testcase classname="test.PurchaseTest" name="testPurchase" time="17.958"/>
  <testcase classname="test.LogoutTest" name="testLogin" time="7.121"/>
</testsuite> <!-- ChromeTest -->
