<?xml version="1.0" encoding="UTF-8"?>
<testng-results ignored="0" total="7" passed="7" failed="0" skipped="0">
  <reporter-output>
  </reporter-output>
  <suite started-at="2025-04-26T22:21:29 EDT" name="Suite" finished-at="2025-04-26T22:23:00 EDT" duration-ms="91205">
    <groups>
    </groups>
    <test started-at="2025-04-26T22:21:29 EDT" name="ChromeTest" finished-at="2025-04-26T22:23:00 EDT" duration-ms="91205">
      <class name="test.SignUpTest">
        <test-method is-config="true" signature="setup()[pri:0, instance:test.SignUpTest@7bedc48a]" started-at="2025-04-26T22:21:29 EDT" name="setup" finished-at="2025-04-26T22:21:29 EDT" duration-ms="0" status="PASS">
          <reporter-output>
          </reporter-output>
        </test-method> <!-- setup -->
        <test-method is-config="true" signature="launchBrowser(java.lang.String,java.lang.String)[pri:0, instance:test.SignUpTest@7bedc48a]" started-at="2025-04-26T22:21:29 EDT" name="launchBrowser" finished-at="2025-04-26T22:21:31 EDT" duration-ms="2346" status="PASS">
          <params>
            <param index="0">
              <value>
                <![CDATA[Chrome]]>
              </value>
            </param>
            <param index="1">
              <value>
                <![CDATA[https://www.demoblaze.com//]]>
              </value>
            </param>
          </params>
          <reporter-output>
          </reporter-output>
        </test-method> <!-- launchBrowser -->
        <test-method signature="signupTest()[pri:0, instance:test.SignUpTest@7bedc48a]" started-at="2025-04-26T22:21:31 EDT" name="signupTest" finished-at="2025-04-26T22:21:34 EDT" duration-ms="2658" status="PASS">
          <reporter-output>
          </reporter-output>
        </test-method> <!-- signupTest -->
        <test-method is-config="true" signature="browserClose()[pri:0, instance:test.SignUpTest@7bedc48a]" started-at="2025-04-26T22:21:34 EDT" name="browserClose" finished-at="2025-04-26T22:21:34 EDT" duration-ms="132" status="PASS">
          <reporter-output>
          </reporter-output>
        </test-method> <!-- browserClose -->
      </class> <!-- test.SignUpTest -->
      <class name="test.LoginTest">
        <test-method is-config="true" signature="setup()[pri:0, instance:test.LoginTest@70325e14]" started-at="2025-04-26T22:21:29 EDT" name="setup" finished-at="2025-04-26T22:21:29 EDT" duration-ms="1" status="PASS">
          <reporter-output>
          </reporter-output>
        </test-method> <!-- setup -->
        <test-method is-config="true" signature="launchBrowser(java.lang.String,java.lang.String)[pri:0, instance:test.LoginTest@70325e14]" started-at="2025-04-26T22:21:35 EDT" name="launchBrowser" finished-at="2025-04-26T22:21:37 EDT" duration-ms="1707" status="PASS">
          <params>
            <param index="0">
              <value>
                <![CDATA[Chrome]]>
              </value>
            </param>
            <param index="1">
              <value>
                <![CDATA[https://www.demoblaze.com//]]>
              </value>
            </param>
          </params>
          <reporter-output>
          </reporter-output>
        </test-method> <!-- launchBrowser -->
        <test-method signature="testLogin(java.lang.String,java.lang.String)[pri:0, instance:test.LoginTest@70325e14]" started-at="2025-04-26T22:21:37 EDT" name="testLogin" data-provider="readData" finished-at="2025-04-26T22:21:39 EDT" duration-ms="2808" status="PASS">
          <params>
            <param index="0">
              <value>
                <![CDATA[vasu-123@gmail.com]]>
              </value>
            </param>
            <param index="1">
              <value>
                <![CDATA[vasu@123]]>
              </value>
            </param>
          </params>
          <reporter-output>
          </reporter-output>
        </test-method> <!-- testLogin -->
        <test-method is-config="true" signature="browserClose()[pri:0, instance:test.LoginTest@70325e14]" started-at="2025-04-26T22:21:39 EDT" name="browserClose" finished-at="2025-04-26T22:21:40 EDT" duration-ms="244" status="PASS">
          <reporter-output>
          </reporter-output>
        </test-method> <!-- browserClose -->
      </class> <!-- test.LoginTest -->
      <class name="test.productTest">
        <test-method is-config="true" signature="setup()[pri:0, instance:test.productTest@7c9d8e2]" started-at="2025-04-26T22:21:29 EDT" name="setup" finished-at="2025-04-26T22:21:29 EDT" duration-ms="0" status="PASS">
          <reporter-output>
          </reporter-output>
        </test-method> <!-- setup -->
        <test-method is-config="true" signature="launchBrowser(java.lang.String,java.lang.String)[pri:0, instance:test.productTest@7c9d8e2]" started-at="2025-04-26T22:21:48 EDT" name="launchBrowser" finished-at="2025-04-26T22:21:50 EDT" duration-ms="1499" status="PASS">
          <params>
            <param index="0">
              <value>
                <![CDATA[Chrome]]>
              </value>
            </param>
            <param index="1">
              <value>
                <![CDATA[https://www.demoblaze.com//]]>
              </value>
            </param>
          </params>
          <reporter-output>
          </reporter-output>
        </test-method> <!-- launchBrowser -->
        <test-method signature="testProduct(java.lang.String,java.lang.String,java.lang.String,java.lang.String,java.lang.String)[pri:0, instance:test.productTest@7c9d8e2]" started-at="2025-04-26T22:21:50 EDT" name="testProduct" data-provider="readData" finished-at="2025-04-26T22:22:02 EDT" duration-ms="12021" status="PASS">
          <params>
            <param index="0">
              <value>
                <![CDATA[vasu-123@gmail.com]]>
              </value>
            </param>
            <param index="1">
              <value>
                <![CDATA[vasu@123]]>
              </value>
            </param>
            <param index="2">
              <value>
                <![CDATA[Samsung galaxy s6]]>
              </value>
            </param>
            <param index="3">
              <value>
                <![CDATA[360]]>
              </value>
            </param>
            <param index="4">
              <value>
                <![CDATA[The Samsung Galaxy S6 is powered by 1.5GHz octa-core Samsung Exynos 7420 processor and it comes with 3GB of RAM. The phone packs 32GB of internal storage cannot be expanded.]]>
              </value>
            </param>
          </params>
          <reporter-output>
          </reporter-output>
        </test-method> <!-- testProduct -->
        <test-method is-config="true" signature="browserClose()[pri:0, instance:test.productTest@7c9d8e2]" started-at="2025-04-26T22:22:02 EDT" name="browserClose" finished-at="2025-04-26T22:22:02 EDT" duration-ms="365" status="PASS">
          <reporter-output>
          </reporter-output>
        </test-method> <!-- browserClose -->
      </class> <!-- test.productTest -->
      <class name="test.HomeTest">
        <test-method is-config="true" signature="setup()[pri:0, instance:test.HomeTest@37ceb1df]" started-at="2025-04-26T22:21:29 EDT" name="setup" finished-at="2025-04-26T22:21:29 EDT" duration-ms="0" status="PASS">
          <reporter-output>
          </reporter-output>
        </test-method> <!-- setup -->
        <test-method is-config="true" signature="launchBrowser(java.lang.String,java.lang.String)[pri:0, instance:test.HomeTest@37ceb1df]" started-at="2025-04-26T22:21:40 EDT" name="launchBrowser" finished-at="2025-04-26T22:21:41 EDT" duration-ms="1671" status="PASS">
          <params>
            <param index="0">
              <value>
                <![CDATA[Chrome]]>
              </value>
            </param>
            <param index="1">
              <value>
                <![CDATA[https://www.demoblaze.com//]]>
              </value>
            </param>
          </params>
          <reporter-output>
          </reporter-output>
        </test-method> <!-- launchBrowser -->
        <test-method signature="testHome(java.lang.String,java.lang.String,java.lang.String,java.lang.String,java.lang.String)[pri:0, instance:test.HomeTest@37ceb1df]" started-at="2025-04-26T22:21:41 EDT" name="testHome" data-provider="readData" finished-at="2025-04-26T22:21:48 EDT" duration-ms="6768" status="PASS">
          <params>
            <param index="0">
              <value>
                <![CDATA[vasu-123@gmail.com]]>
              </value>
            </param>
            <param index="1">
              <value>
                <![CDATA[vasu@123]]>
              </value>
            </param>
            <param index="2">
              <value>
                <![CDATA[Welcome vasu-123@gmail.com]]>
              </value>
            </param>
            <param index="3">
              <value>
                <![CDATA[Contact,About us,Cart,Log out]]>
              </value>
            </param>
            <param index="4">
              <value>
                <![CDATA[Phones,Laptops,Monitors]]>
              </value>
            </param>
          </params>
          <reporter-output>
          </reporter-output>
        </test-method> <!-- testHome -->
        <test-method is-config="true" signature="browserClose()[pri:0, instance:test.HomeTest@37ceb1df]" started-at="2025-04-26T22:21:48 EDT" name="browserClose" finished-at="2025-04-26T22:21:48 EDT" duration-ms="225" status="PASS">
          <reporter-output>
          </reporter-output>
        </test-method> <!-- browserClose -->
      </class> <!-- test.HomeTest -->
      <class name="test.CartTest">
        <test-method is-config="true" signature="setup()[pri:0, instance:test.CartTest@20d525]" started-at="2025-04-26T22:21:29 EDT" name="setup" finished-at="2025-04-26T22:21:29 EDT" duration-ms="13" status="PASS">
          <reporter-output>
          </reporter-output>
        </test-method> <!-- setup -->
        <test-method is-config="true" signature="launchBrowser(java.lang.String,java.lang.String)[pri:0, instance:test.CartTest@20d525]" started-at="2025-04-26T22:22:02 EDT" name="launchBrowser" finished-at="2025-04-26T22:22:04 EDT" duration-ms="1670" status="PASS">
          <params>
            <param index="0">
              <value>
                <![CDATA[Chrome]]>
              </value>
            </param>
            <param index="1">
              <value>
                <![CDATA[https://www.demoblaze.com//]]>
              </value>
            </param>
          </params>
          <reporter-output>
          </reporter-output>
        </test-method> <!-- launchBrowser -->
        <test-method signature="testProduct(java.lang.String,java.lang.String,java.lang.String,java.lang.String,java.lang.String)[pri:0, instance:test.CartTest@20d525]" started-at="2025-04-26T22:22:04 EDT" name="testProduct" data-provider="readData" finished-at="2025-04-26T22:22:31 EDT" duration-ms="27042" status="PASS">
          <params>
            <param index="0">
              <value>
                <![CDATA[vasu-123@gmail.com]]>
              </value>
            </param>
            <param index="1">
              <value>
                <![CDATA[vasu@123]]>
              </value>
            </param>
            <param index="2">
              <value>
                <![CDATA[Samsung galaxy s6]]>
              </value>
            </param>
            <param index="3">
              <value>
                <![CDATA[360]]>
              </value>
            </param>
            <param index="4">
              <value>
                <![CDATA[The Samsung Galaxy S6 is powered by 1.5GHz octa-core Samsung Exynos 7420 processor and it comes with 3GB of RAM. The phone packs 32GB of internal storage cannot be expanded.]]>
              </value>
            </param>
          </params>
          <reporter-output>
          </reporter-output>
        </test-method> <!-- testProduct -->
        <test-method is-config="true" signature="browserClose()[pri:0, instance:test.CartTest@20d525]" started-at="2025-04-26T22:22:31 EDT" name="browserClose" finished-at="2025-04-26T22:22:31 EDT" duration-ms="268" status="PASS">
          <reporter-output>
          </reporter-output>
        </test-method> <!-- browserClose -->
      </class> <!-- test.CartTest -->
      <class name="test.LogoutTest">
        <test-method is-config="true" signature="setup()[pri:0, instance:test.LogoutTest@2002fc1d]" started-at="2025-04-26T22:21:29 EDT" name="setup" finished-at="2025-04-26T22:21:29 EDT" duration-ms="0" status="PASS">
          <reporter-output>
          </reporter-output>
        </test-method> <!-- setup -->
        <test-method is-config="true" signature="launchBrowser(java.lang.String,java.lang.String)[pri:0, instance:test.LogoutTest@2002fc1d]" started-at="2025-04-26T22:22:51 EDT" name="launchBrowser" finished-at="2025-04-26T22:22:53 EDT" duration-ms="1657" status="PASS">
          <params>
            <param index="0">
              <value>
                <![CDATA[Chrome]]>
              </value>
            </param>
            <param index="1">
              <value>
                <![CDATA[https://www.demoblaze.com//]]>
              </value>
            </param>
          </params>
          <reporter-output>
          </reporter-output>
        </test-method> <!-- launchBrowser -->
        <test-method signature="testLogin(java.lang.String,java.lang.String)[pri:0, instance:test.LogoutTest@2002fc1d]" started-at="2025-04-26T22:22:53 EDT" name="testLogin" data-provider="readData" finished-at="2025-04-26T22:23:00 EDT" duration-ms="6857" status="PASS">
          <params>
            <param index="0">
              <value>
                <![CDATA[vasu-123@gmail.com]]>
              </value>
            </param>
            <param index="1">
              <value>
                <![CDATA[vasu@123]]>
              </value>
            </param>
          </params>
          <reporter-output>
          </reporter-output>
        </test-method> <!-- testLogin -->
        <test-method is-config="true" signature="browserClose()[pri:0, instance:test.LogoutTest@2002fc1d]" started-at="2025-04-26T22:23:00 EDT" name="browserClose" finished-at="2025-04-26T22:23:00 EDT" duration-ms="225" status="PASS">
          <reporter-output>
          </reporter-output>
        </test-method> <!-- browserClose -->
      </class> <!-- test.LogoutTest -->
      <class name="test.PurchaseTest">
        <test-method is-config="true" signature="setup()[pri:0, instance:test.PurchaseTest@6200f9cb]" started-at="2025-04-26T22:21:29 EDT" name="setup" finished-at="2025-04-26T22:21:29 EDT" duration-ms="0" status="PASS">
          <reporter-output>
          </reporter-output>
        </test-method> <!-- setup -->
        <test-method is-config="true" signature="launchBrowser(java.lang.String,java.lang.String)[pri:0, instance:test.PurchaseTest@6200f9cb]" started-at="2025-04-26T22:22:32 EDT" name="launchBrowser" finished-at="2025-04-26T22:22:33 EDT" duration-ms="1545" status="PASS">
          <params>
            <param index="0">
              <value>
                <![CDATA[Chrome]]>
              </value>
            </param>
            <param index="1">
              <value>
                <![CDATA[https://www.demoblaze.com//]]>
              </value>
            </param>
          </params>
          <reporter-output>
          </reporter-output>
        </test-method> <!-- launchBrowser -->
        <test-method signature="testPurchase(java.lang.String,java.lang.String,java.lang.String,java.lang.String,java.lang.String,java.lang.String,java.lang.String,java.lang.String,java.lang.String)[pri:0, instance:test.PurchaseTest@6200f9cb]" started-at="2025-04-26T22:22:33 EDT" name="testPurchase" data-provider="readData" finished-at="2025-04-26T22:22:51 EDT" duration-ms="17939" status="PASS">
          <params>
            <param index="0">
              <value>
                <![CDATA[vasu-123@gmail.com]]>
              </value>
            </param>
            <param index="1">
              <value>
                <![CDATA[vasu@123]]>
              </value>
            </param>
            <param index="2">
              <value>
                <![CDATA[Samsung galaxy s6]]>
              </value>
            </param>
            <param index="3">
              <value>
                <![CDATA[Siri]]>
              </value>
            </param>
            <param index="4">
              <value>
                <![CDATA[Usa]]>
              </value>
            </param>
            <param index="5">
              <value>
                <![CDATA[edison]]>
              </value>
            </param>
            <param index="6">
              <value>
                <![CDATA[12345678]]>
              </value>
            </param>
            <param index="7">
              <value>
                <![CDATA[4]]>
              </value>
            </param>
            <param index="8">
              <value>
                <![CDATA[2025]]>
              </value>
            </param>
          </params>
          <reporter-output>
          </reporter-output>
        </test-method> <!-- testPurchase -->
        <test-method is-config="true" signature="browserClose()[pri:0, instance:test.PurchaseTest@6200f9cb]" started-at="2025-04-26T22:22:51 EDT" name="browserClose" finished-at="2025-04-26T22:22:51 EDT" duration-ms="271" status="PASS">
          <reporter-output>
          </reporter-output>
        </test-method> <!-- browserClose -->
      </class> <!-- test.PurchaseTest -->
    </test> <!-- ChromeTest -->
  </suite> <!-- Suite -->
</testng-results>
